0 info it worked if it ends with ok
1 verbose cli [ 'C:\\Program Files (x86)\\nodejs\\node.exe',
1 verbose cli   'C:\\Program Files (x86)\\nodejs\\node_modules\\npm\\bin\\npm-cli.js',
1 verbose cli   'install',
1 verbose cli   '--save',
1 verbose cli   'angular2-localstorage' ]
2 info using npm@2.15.8
3 info using node@v4.4.7
4 verbose install initial load of C:\Users\Alexander\Source\Repos\YouTackTimeReportsWeb\YouTackTimeReportsWeb\package.json
5 verbose readDependencies loading dependencies from C:\Users\Alexander\Source\Repos\YouTackTimeReportsWeb\YouTackTimeReportsWeb\package.json
6 silly cache add args [ 'angular2-localstorage', null ]
7 verbose cache add spec angular2-localstorage
8 silly cache add parsed spec Result {
8 silly cache add   raw: 'angular2-localstorage',
8 silly cache add   scope: null,
8 silly cache add   name: 'angular2-localstorage',
8 silly cache add   rawSpec: '',
8 silly cache add   spec: 'latest',
8 silly cache add   type: 'tag' }
9 silly addNamed angular2-localstorage@latest
10 verbose addNamed "latest" is being treated as a dist-tag for angular2-localstorage
11 info addNameTag [ 'angular2-localstorage', 'latest' ]
12 silly mapToRegistry name angular2-localstorage
13 silly mapToRegistry using default registry
14 silly mapToRegistry registry https://registry.npmjs.org/
15 silly mapToRegistry data Result {
15 silly mapToRegistry   raw: 'angular2-localstorage',
15 silly mapToRegistry   scope: null,
15 silly mapToRegistry   name: 'angular2-localstorage',
15 silly mapToRegistry   rawSpec: '',
15 silly mapToRegistry   spec: 'latest',
15 silly mapToRegistry   type: 'tag' }
16 silly mapToRegistry uri https://registry.npmjs.org/angular2-localstorage
17 verbose addNameTag registry:https://registry.npmjs.org/angular2-localstorage not in flight; fetching
18 verbose request uri https://registry.npmjs.org/angular2-localstorage
19 verbose request no auth needed
20 info attempt registry request try #1 at 08:42:11
21 verbose request id bd96995b85442fae
22 verbose etag "XT1U0EDNX7H5PAIJ2HZITYQ1"
23 http request GET https://registry.npmjs.org/angular2-localstorage
24 http 304 https://registry.npmjs.org/angular2-localstorage
25 verbose headers { date: 'Sat, 20 Aug 2016 05:42:10 GMT',
25 verbose headers   via: '1.1 varnish',
25 verbose headers   'cache-control': 'max-age=300',
25 verbose headers   etag: '"XT1U0EDNX7H5PAIJ2HZITYQ1"',
25 verbose headers   age: '0',
25 verbose headers   connection: 'keep-alive',
25 verbose headers   'x-served-by': 'cache-fra1240-FRA',
25 verbose headers   'x-cache': 'MISS',
25 verbose headers   'x-cache-hits': '0',
25 verbose headers   'x-timer': 'S1471671730.159009,VS0,VE419',
25 verbose headers   vary: 'Accept-Encoding' }
26 silly get cb [ 304,
26 silly get   { date: 'Sat, 20 Aug 2016 05:42:10 GMT',
26 silly get     via: '1.1 varnish',
26 silly get     'cache-control': 'max-age=300',
26 silly get     etag: '"XT1U0EDNX7H5PAIJ2HZITYQ1"',
26 silly get     age: '0',
26 silly get     connection: 'keep-alive',
26 silly get     'x-served-by': 'cache-fra1240-FRA',
26 silly get     'x-cache': 'MISS',
26 silly get     'x-cache-hits': '0',
26 silly get     'x-timer': 'S1471671730.159009,VS0,VE419',
26 silly get     vary: 'Accept-Encoding' } ]
27 verbose etag https://registry.npmjs.org/angular2-localstorage from cache
28 verbose get saving angular2-localstorage to C:\Users\Alexander\AppData\Roaming\npm-cache\registry.npmjs.org\angular2-localstorage\.cache.json
29 verbose correctMkdir C:\Users\Alexander\AppData\Roaming\npm-cache correctMkdir not in flight; initializing
30 silly addNameTag next cb for angular2-localstorage with tag latest
31 silly addNamed angular2-localstorage@0.4.0
32 verbose addNamed "0.4.0" is a plain semver version for angular2-localstorage
33 silly cache afterAdd angular2-localstorage@0.4.0
34 verbose afterAdd C:\Users\Alexander\AppData\Roaming\npm-cache\angular2-localstorage\0.4.0\package\package.json not in flight; writing
35 verbose correctMkdir C:\Users\Alexander\AppData\Roaming\npm-cache correctMkdir not in flight; initializing
36 verbose afterAdd C:\Users\Alexander\AppData\Roaming\npm-cache\angular2-localstorage\0.4.0\package\package.json written
37 silly install resolved [ { name: 'angular2-localstorage',
37 silly install resolved     version: '0.4.0',
37 silly install resolved     description: 'Angular2 decorator to save and restore class properties automatically from LocalStorage.',
37 silly install resolved     main: 'index.js',
37 silly install resolved     scripts:
37 silly install resolved      { lint: 'tslint ./*.ts -t verbose',
37 silly install resolved        tsc: 'tsc',
37 silly install resolved        postinstall: 'typings install',
37 silly install resolved        test: 'echo "Error: no test specified" && exit 1' },
37 silly install resolved     repository:
37 silly install resolved      { type: 'git',
37 silly install resolved        url: 'git+ssh://git@github.com/marcj/angular2-localstorage.git' },
37 silly install resolved     keywords: [ 'Angular2', 'LocalStorage' ],
37 silly install resolved     author: { name: 'Marc J. Schmidt' },
37 silly install resolved     license: 'ISC',
37 silly install resolved     bugs: { url: 'https://github.com/marcj/angular2-localstorage/issues' },
37 silly install resolved     homepage: 'https://github.com/marcj/angular2-localstorage',
37 silly install resolved     devDependencies:
37 silly install resolved      { '@angular/core': '^2.0.0-rc.1',
37 silly install resolved        'es6-shim': '^0.35.0',
37 silly install resolved        'reflect-metadata': '0.1.3',
37 silly install resolved        rxjs: '5.0.0-beta.6',
37 silly install resolved        tslint: '^3.7.4',
37 silly install resolved        typings: '^0.8.1',
37 silly install resolved        'zone.js': '0.6.12' },
37 silly install resolved     gitHead: '4767136e86deab10abf5bd422a47fed49e7617ce',
37 silly install resolved     _id: 'angular2-localstorage@0.4.0',
37 silly install resolved     _shasum: '0a44cf5d19cc7ebb6278e3e4817d0ae039c16bf0',
37 silly install resolved     _from: 'angular2-localstorage@latest',
37 silly install resolved     _npmVersion: '3.7.3',
37 silly install resolved     _nodeVersion: '5.8.0',
37 silly install resolved     _npmUser: { name: 'marcj', email: 'marc@marcjschmidt.de' },
37 silly install resolved     dist:
37 silly install resolved      { shasum: '0a44cf5d19cc7ebb6278e3e4817d0ae039c16bf0',
37 silly install resolved        tarball: 'https://registry.npmjs.org/angular2-localstorage/-/angular2-localstorage-0.4.0.tgz' },
37 silly install resolved     maintainers: [ [Object] ],
37 silly install resolved     _npmOperationalInternal:
37 silly install resolved      { host: 'packages-12-west.internal.npmjs.com',
37 silly install resolved        tmp: 'tmp/angular2-localstorage-0.4.0.tgz_1465407508754_0.31634915340691805' },
37 silly install resolved     directories: {},
37 silly install resolved     _resolved: 'https://registry.npmjs.org/angular2-localstorage/-/angular2-localstorage-0.4.0.tgz',
37 silly install resolved     readme: 'ERROR: No README data found!' } ]
38 info install angular2-localstorage@0.4.0 into C:\Users\Alexander\Source\Repos\YouTackTimeReportsWeb\YouTackTimeReportsWeb
39 info installOne angular2-localstorage@0.4.0
40 verbose installOne of angular2-localstorage to C:\Users\Alexander\Source\Repos\YouTackTimeReportsWeb\YouTackTimeReportsWeb not in flight; installing
41 verbose correctMkdir C:\Users\Alexander\AppData\Roaming\npm-cache\_locks correctMkdir not in flight; initializing
42 verbose lock using C:\Users\Alexander\AppData\Roaming\npm-cache\_locks\angular2-localstorage-42c769ed0bcd201f.lock for C:\Users\Alexander\Source\Repos\YouTackTimeReportsWeb\YouTackTimeReportsWeb\node_modules\angular2-localstorage
43 silly install write writing angular2-localstorage 0.4.0 to C:\Users\Alexander\Source\Repos\YouTackTimeReportsWeb\YouTackTimeReportsWeb\node_modules\angular2-localstorage
44 verbose unbuild node_modules\angular2-localstorage
45 silly gentlyRm C:\Users\Alexander\Source\Repos\YouTackTimeReportsWeb\YouTackTimeReportsWeb\node_modules\angular2-localstorage is being purged from base C:\Users\Alexander\Source\Repos\YouTackTimeReportsWeb\YouTackTimeReportsWeb
46 verbose gentlyRm don't care about contents; nuking C:\Users\Alexander\Source\Repos\YouTackTimeReportsWeb\YouTackTimeReportsWeb\node_modules\angular2-localstorage
47 verbose tar unpack C:\Users\Alexander\AppData\Roaming\npm-cache\angular2-localstorage\0.4.0\package.tgz
48 verbose tar unpacking to C:\Users\Alexander\Source\Repos\YouTackTimeReportsWeb\YouTackTimeReportsWeb\node_modules\angular2-localstorage
49 silly gentlyRm C:\Users\Alexander\Source\Repos\YouTackTimeReportsWeb\YouTackTimeReportsWeb\node_modules\angular2-localstorage is being purged
50 verbose gentlyRm don't care about contents; nuking C:\Users\Alexander\Source\Repos\YouTackTimeReportsWeb\YouTackTimeReportsWeb\node_modules\angular2-localstorage
51 silly gunzTarPerm modes [ '777', '666' ]
52 silly gunzTarPerm extractEntry package.json
53 silly gunzTarPerm modified mode [ 'package.json', 420, 438 ]
54 silly gunzTarPerm extractEntry .npmignore
55 silly gunzTarPerm modified mode [ '.npmignore', 420, 438 ]
56 silly gunzTarPerm extractEntry README.md
57 silly gunzTarPerm modified mode [ 'README.md', 420, 438 ]
58 silly gunzTarPerm extractEntry index.js
59 silly gunzTarPerm modified mode [ 'index.js', 420, 438 ]
60 silly gunzTarPerm extractEntry LocalStorageEmitter.ts
61 silly gunzTarPerm modified mode [ 'LocalStorageEmitter.ts', 420, 438 ]
62 silly gunzTarPerm extractEntry WebStorage.ts
63 silly gunzTarPerm modified mode [ 'WebStorage.ts', 420, 438 ]
64 silly gunzTarPerm extractEntry tsconfig.json
65 silly gunzTarPerm modified mode [ 'tsconfig.json', 420, 438 ]
66 silly gunzTarPerm extractEntry typings.json
67 silly gunzTarPerm modified mode [ 'typings.json', 420, 438 ]
68 verbose write writing to C:\Users\Alexander\Source\Repos\YouTackTimeReportsWeb\YouTackTimeReportsWeb\node_modules\angular2-localstorage\package.json
69 info preinstall angular2-localstorage@0.4.0
70 verbose readDependencies loading dependencies from C:\Users\Alexander\Source\Repos\YouTackTimeReportsWeb\YouTackTimeReportsWeb\node_modules\angular2-localstorage\package.json
71 verbose readDependencies loading dependencies from C:\Users\Alexander\Source\Repos\YouTackTimeReportsWeb\YouTackTimeReportsWeb\node_modules\angular2-localstorage\package.json
72 silly install resolved []
73 verbose about to build C:\Users\Alexander\Source\Repos\YouTackTimeReportsWeb\YouTackTimeReportsWeb\node_modules\angular2-localstorage
74 info build C:\Users\Alexander\Source\Repos\YouTackTimeReportsWeb\YouTackTimeReportsWeb\node_modules\angular2-localstorage
75 info linkStuff angular2-localstorage@0.4.0
76 silly linkStuff angular2-localstorage@0.4.0 has C:\Users\Alexander\Source\Repos\YouTackTimeReportsWeb\YouTackTimeReportsWeb\node_modules as its parent node_modules
77 verbose linkBins angular2-localstorage@0.4.0
78 verbose linkMans angular2-localstorage@0.4.0
79 verbose rebuildBundles angular2-localstorage@0.4.0
80 info install angular2-localstorage@0.4.0
81 info postinstall angular2-localstorage@0.4.0
82 verbose unsafe-perm in lifecycle true
83 info angular2-localstorage@0.4.0 Failed to exec postinstall script
84 verbose unlock done using C:\Users\Alexander\AppData\Roaming\npm-cache\_locks\angular2-localstorage-42c769ed0bcd201f.lock for C:\Users\Alexander\Source\Repos\YouTackTimeReportsWeb\YouTackTimeReportsWeb\node_modules\angular2-localstorage
85 verbose stack Error: angular2-localstorage@0.4.0 postinstall: `typings install`
85 verbose stack Exit status 1
85 verbose stack     at EventEmitter.<anonymous> (C:\Program Files (x86)\nodejs\node_modules\npm\lib\utils\lifecycle.js:217:16)
85 verbose stack     at emitTwo (events.js:87:13)
85 verbose stack     at EventEmitter.emit (events.js:172:7)
85 verbose stack     at ChildProcess.<anonymous> (C:\Program Files (x86)\nodejs\node_modules\npm\lib\utils\spawn.js:24:14)
85 verbose stack     at emitTwo (events.js:87:13)
85 verbose stack     at ChildProcess.emit (events.js:172:7)
85 verbose stack     at maybeClose (internal/child_process.js:827:16)
85 verbose stack     at Process.ChildProcess._handle.onexit (internal/child_process.js:211:5)
86 verbose pkgid angular2-localstorage@0.4.0
87 verbose cwd C:\Users\Alexander\Source\Repos\YouTackTimeReportsWeb\YouTackTimeReportsWeb
88 error Windows_NT 10.0.14905
89 error argv "C:\\Program Files (x86)\\nodejs\\node.exe" "C:\\Program Files (x86)\\nodejs\\node_modules\\npm\\bin\\npm-cli.js" "install" "--save" "angular2-localstorage"
90 error node v4.4.7
91 error npm  v2.15.8
92 error code ELIFECYCLE
93 error angular2-localstorage@0.4.0 postinstall: `typings install`
93 error Exit status 1
94 error Failed at the angular2-localstorage@0.4.0 postinstall script 'typings install'.
94 error This is most likely a problem with the angular2-localstorage package,
94 error not with npm itself.
94 error Tell the author that this fails on your system:
94 error     typings install
94 error You can get information on how to open an issue for this project with:
94 error     npm bugs angular2-localstorage
94 error Or if that isn't available, you can get their info via:
94 error
94 error     npm owner ls angular2-localstorage
94 error There is likely additional logging output above.
95 verbose exit [ 1, true ]
96 verbose unbuild node_modules\angular2-localstorage
97 info preuninstall angular2-localstorage@0.4.0
98 info uninstall angular2-localstorage@0.4.0
99 verbose unbuild rmStuff angular2-localstorage@0.4.0 from C:\Users\Alexander\Source\Repos\YouTackTimeReportsWeb\YouTackTimeReportsWeb\node_modules
100 info postuninstall angular2-localstorage@0.4.0
101 silly gentlyRm C:\Users\Alexander\Source\Repos\YouTackTimeReportsWeb\YouTackTimeReportsWeb\node_modules\angular2-localstorage is being purged from base C:\Users\Alexander\Source\Repos\YouTackTimeReportsWeb\YouTackTimeReportsWeb
102 verbose gentlyRm don't care about contents; nuking C:\Users\Alexander\Source\Repos\YouTackTimeReportsWeb\YouTackTimeReportsWeb\node_modules\angular2-localstorage
103 silly vacuum-fs purging C:\Users\Alexander\Source\Repos\YouTackTimeReportsWeb\YouTackTimeReportsWeb\node_modules\angular2-localstorage
104 silly vacuum-fs removing C:\Users\Alexander\Source\Repos\YouTackTimeReportsWeb\YouTackTimeReportsWeb\node_modules
105 silly vacuum-fs finished vacuuming up to C:\Users\Alexander\Source\Repos\YouTackTimeReportsWeb\YouTackTimeReportsWeb
